c:\users\kitrigame\documents\visual studio 2015\projects\lect0324-framecheck7\debug\vc140.pdb
c:\users\kitrigame\documents\visual studio 2015\projects\lect0324-framecheck7\debug\vc140.idb
c:\users\kitrigame\documents\visual studio 2015\projects\lect0324-framecheck7\debug\collisionmgr.obj
c:\users\kitrigame\documents\visual studio 2015\projects\lect0324-framecheck7\debug\effectmgr.obj
c:\users\kitrigame\documents\visual studio 2015\projects\lect0324-framecheck7\debug\endingscene.obj
c:\users\kitrigame\documents\visual studio 2015\projects\lect0324-framecheck7\debug\enemy.obj
c:\users\kitrigame\documents\visual studio 2015\projects\lect0324-framecheck7\debug\enemymgr.obj
c:\users\kitrigame\documents\visual studio 2015\projects\lect0324-framecheck7\debug\explosion.obj
c:\users\kitrigame\documents\visual studio 2015\projects\lect0324-framecheck7\debug\framecheckmgr.obj
c:\users\kitrigame\documents\visual studio 2015\projects\lect0324-framecheck7\debug\gamemgr.obj
c:\users\kitrigame\documents\visual studio 2015\projects\lect0324-framecheck7\debug\gamescene.obj
c:\users\kitrigame\documents\visual studio 2015\projects\lect0324-framecheck7\debug\hudbar.obj
c:\users\kitrigame\documents\visual studio 2015\projects\lect0324-framecheck7\debug\image.obj
c:\users\kitrigame\documents\visual studio 2015\projects\lect0324-framecheck7\debug\imagemgr.obj
c:\users\kitrigame\documents\visual studio 2015\projects\lect0324-framecheck7\debug\map.obj
c:\users\kitrigame\documents\visual studio 2015\projects\lect0324-framecheck7\debug\player.obj
c:\users\kitrigame\documents\visual studio 2015\projects\lect0324-framecheck7\debug\rotateenemy.obj
c:\users\kitrigame\documents\visual studio 2015\projects\lect0324-framecheck7\debug\singleton.obj
c:\users\kitrigame\documents\visual studio 2015\projects\lect0324-framecheck7\debug\startscene.obj
c:\users\kitrigame\documents\visual studio 2015\projects\lect0324-framecheck7\debug\time.obj
c:\users\kitrigame\documents\visual studio 2015\projects\lect0324-framecheck7\debug\windowmgr.obj
c:\users\kitrigame\documents\visual studio 2015\projects\lect0324-framecheck7\debug\winmain.obj
c:\users\kitrigame\documents\visual studio 2015\projects\lect0324-framecheck7\debug\basecollobject.obj
c:\users\kitrigame\documents\visual studio 2015\projects\lect0324-framecheck7\debug\baseimageobject.obj
c:\users\kitrigame\documents\visual studio 2015\projects\lect0324-framecheck7\debug\basescene.obj
c:\users\kitrigame\documents\visual studio 2015\projects\lect0324-framecheck7\debug\basetargetobject.obj
c:\users\kitrigame\documents\visual studio 2015\projects\lect0324-framecheck7\debug\basetransform.obj
c:\users\kitrigame\documents\visual studio 2015\projects\lect0324-framecheck7\debug\bossenemy.obj
c:\users\kitrigame\documents\visual studio 2015\projects\lect0324-framecheck7\debug\bullet.obj
c:\users\kitrigame\documents\visual studio 2015\projects\lect0324-framecheck7\debug\bulletenemy.obj
c:\users\kitrigame\documents\visual studio 2015\projects\lect0324-framecheck7\debug\day_03_bitmap.ilk
c:\users\kitrigame\documents\visual studio 2015\projects\lect0324-framecheck7\debug\day_03_bitmap.exe
c:\users\kitrigame\documents\visual studio 2015\projects\lect0324-framecheck7\debug\day_03_bitmap.pdb
c:\users\kitrigame\documents\visual studio 2015\projects\lect0324-framecheck7\debug\day_03_bitmap.tlog\cl.command.1.tlog
c:\users\kitrigame\documents\visual studio 2015\projects\lect0324-framecheck7\debug\day_03_bitmap.tlog\cl.read.1.tlog
c:\users\kitrigame\documents\visual studio 2015\projects\lect0324-framecheck7\debug\day_03_bitmap.tlog\cl.write.1.tlog
c:\users\kitrigame\documents\visual studio 2015\projects\lect0324-framecheck7\debug\day_03_bitmap.tlog\link.command.1.tlog
c:\users\kitrigame\documents\visual studio 2015\projects\lect0324-framecheck7\debug\day_03_bitmap.tlog\link.read.1.tlog
c:\users\kitrigame\documents\visual studio 2015\projects\lect0324-framecheck7\debug\day_03_bitmap.tlog\link.write.1.tlog
