  WindowMgr.cpp
  GameScene.cpp
  GameMgr.cpp
  코드를 생성하고 있습니다...
  컴파일하고 있습니다...
  Player.cpp
c:\users\kitrigame\documents\visual studio 2015\projects\lect0324-framecheck7\player.cpp(51): warning C4244: '=': 'int'에서 'float'(으)로 변환하면서 데이터가 손실될 수 있습니다.
c:\users\kitrigame\documents\visual studio 2015\projects\lect0324-framecheck7\player.cpp(56): warning C4244: '=': 'int'에서 'float'(으)로 변환하면서 데이터가 손실될 수 있습니다.
c:\users\kitrigame\documents\visual studio 2015\projects\lect0324-framecheck7\player.cpp(81): warning C4244: '인수': 'float'에서 'int'(으)로 변환하면서 데이터가 손실될 수 있습니다.
  ImageMgr.cpp
  HUDBar.cpp
c:\users\kitrigame\documents\visual studio 2015\projects\lect0324-framecheck7\hudbar.cpp(45): warning C4244: '=': 'float'에서 'int'(으)로 변환하면서 데이터가 손실될 수 있습니다.
  CollisionMgr.cpp
  Bullet.cpp
c:\users\kitrigame\documents\visual studio 2015\projects\lect0324-framecheck7\bullet.cpp(30): warning C4244: '=': 'int'에서 'float'(으)로 변환하면서 데이터가 손실될 수 있습니다.
c:\users\kitrigame\documents\visual studio 2015\projects\lect0324-framecheck7\bullet.cpp(31): warning C4244: '=': 'int'에서 'float'(으)로 변환하면서 데이터가 손실될 수 있습니다.
c:\users\kitrigame\documents\visual studio 2015\projects\lect0324-framecheck7\bullet.cpp(42): warning C4244: '인수': 'float'에서 'int'(으)로 변환하면서 데이터가 손실될 수 있습니다.
  코드를 생성하고 있습니다...
  건너뛰고 있습니다... (관련된 변경 내용 없음)
  Singleton.cpp
  Day_03_Bitmap.vcxproj -> C:\Users\KITRIGAME\Documents\Visual Studio 2015\Projects\Lect0324-framecheck7\Debug\Day_03_Bitmap.exe
  Day_03_Bitmap.vcxproj -> C:\Users\KITRIGAME\Documents\Visual Studio 2015\Projects\Lect0324-framecheck7\Debug\Day_03_Bitmap.pdb (Full PDB)
